<?xml version="1.0" encoding="UTF-8"?>
<!-- Generated by org.testng.reporters.JUnitReportReporter -->
<testsuite hostname="JO02MW480" failures="0" tests="1" name="Package.APNO" time="856.436" errors="0" timestamp="05 Nov 2018 11:32:39 GMT" skipped="0">
  <testcase classname="Package.APNO" name="Case4000" time="856.436"/>
</testsuite> <!-- Package.APNO -->
